This is pdfTeX, Version 3.14159265-2.6-1.40.19 (TeX Live 2018) (preloaded format=pdflatex 2018.11.17)  14 MAR 2019 15:27
entering extended mode
 restricted \write18 enabled.
 file:line:error style messages enabled.
 %&-line parsing enabled.
**acl2018.tex
(./acl2018.tex
LaTeX2e <2018-04-01> patch level 2
Babel <3.18> and hyphenation patterns for 84 language(s) loaded.
(/usr/local/texlive/2018/texmf-dist/tex/latex/base/article.cls
Document Class: article 2014/09/29 v1.4h Standard LaTeX document class
(/usr/local/texlive/2018/texmf-dist/tex/latex/base/size11.clo
File: size11.clo 2014/09/29 v1.4h Standard LaTeX file (size option)
)
\c@part=\count80
\c@section=\count81
\c@subsection=\count82
\c@subsubsection=\count83
\c@paragraph=\count84
\c@subparagraph=\count85
\c@figure=\count86
\c@table=\count87
\abovecaptionskip=\skip41
\belowcaptionskip=\skip42
\bibindent=\dimen102
) (./acl2018.sty
(/usr/local/texlive/2018/texmf-dist/tex/latex/hyperref/hyperref.sty
Package: hyperref 2018/02/06 v6.86b Hypertext links for LaTeX

(/usr/local/texlive/2018/texmf-dist/tex/generic/oberdiek/hobsub-hyperref.sty
Package: hobsub-hyperref 2016/05/16 v1.14 Bundle oberdiek, subset hyperref (HO)


(/usr/local/texlive/2018/texmf-dist/tex/generic/oberdiek/hobsub-generic.sty
Package: hobsub-generic 2016/05/16 v1.14 Bundle oberdiek, subset generic (HO)
Package: hobsub 2016/05/16 v1.14 Construct package bundles (HO)
Package: infwarerr 2016/05/16 v1.4 Providing info/warning/error messages (HO)
Package: ltxcmds 2016/05/16 v1.23 LaTeX kernel commands for general use (HO)
Package: ifluatex 2016/05/16 v1.4 Provides the ifluatex switch (HO)
Package ifluatex Info: LuaTeX not detected.
Package: ifvtex 2016/05/16 v1.6 Detect VTeX and its facilities (HO)
Package ifvtex Info: VTeX not detected.
Package: intcalc 2016/05/16 v1.2 Expandable calculations with integers (HO)
Package: ifpdf 2017/03/15 v3.2 Provides the ifpdf switch
Package: etexcmds 2016/05/16 v1.6 Avoid name clashes with e-TeX commands (HO)
Package etexcmds Info: Could not find \expanded.
(etexcmds)             That can mean that you are not using pdfTeX 1.50 or
(etexcmds)             that some package has redefined \expanded.
(etexcmds)             In the latter case, load this package earlier.
Package: kvsetkeys 2016/05/16 v1.17 Key value parser (HO)
Package: kvdefinekeys 2016/05/16 v1.4 Define keys (HO)
Package: pdftexcmds 2018/01/30 v0.27 Utility functions of pdfTeX for LuaTeX (HO
)
Package pdftexcmds Info: LuaTeX not detected.
Package pdftexcmds Info: \pdf@primitive is available.
Package pdftexcmds Info: \pdf@ifprimitive is available.
Package pdftexcmds Info: \pdfdraftmode found.
Package: pdfescape 2016/05/16 v1.14 Implements pdfTeX's escape features (HO)
Package: bigintcalc 2016/05/16 v1.4 Expandable calculations on big integers (HO
)
Package: bitset 2016/05/16 v1.2 Handle bit-vector datatype (HO)
Package: uniquecounter 2016/05/16 v1.3 Provide unlimited unique counter (HO)
)
Package hobsub Info: Skipping package `hobsub' (already loaded).
Package: letltxmacro 2016/05/16 v1.5 Let assignment for LaTeX macros (HO)
Package: hopatch 2016/05/16 v1.3 Wrapper for package hooks (HO)
Package: xcolor-patch 2016/05/16 xcolor patch
Package: atveryend 2016/05/16 v1.9 Hooks at the very end of document (HO)
Package atveryend Info: \enddocument detected (standard20110627).
Package: atbegshi 2016/06/09 v1.18 At begin shipout hook (HO)
Package: refcount 2016/05/16 v3.5 Data extraction from label references (HO)
Package: hycolor 2016/05/16 v1.8 Color options for hyperref/bookmark (HO)
)
(/usr/local/texlive/2018/texmf-dist/tex/latex/graphics/keyval.sty
Package: keyval 2014/10/28 v1.15 key=value parser (DPC)
\KV@toks@=\toks14
)
(/usr/local/texlive/2018/texmf-dist/tex/generic/ifxetex/ifxetex.sty
Package: ifxetex 2010/09/12 v0.6 Provides ifxetex conditional
)
(/usr/local/texlive/2018/texmf-dist/tex/latex/oberdiek/auxhook.sty
Package: auxhook 2016/05/16 v1.4 Hooks for auxiliary files (HO)
)
(/usr/local/texlive/2018/texmf-dist/tex/latex/oberdiek/kvoptions.sty
Package: kvoptions 2016/05/16 v3.12 Key value format for package options (HO)
)
\@linkdim=\dimen103
\Hy@linkcounter=\count88
\Hy@pagecounter=\count89

(/usr/local/texlive/2018/texmf-dist/tex/latex/hyperref/pd1enc.def
File: pd1enc.def 2018/02/06 v6.86b Hyperref: PDFDocEncoding definition (HO)
Now handling font encoding PD1 ...
... no UTF-8 mapping file for font encoding PD1
)
\Hy@SavedSpaceFactor=\count90

(/usr/local/texlive/2018/texmf-dist/tex/latex/latexconfig/hyperref.cfg
File: hyperref.cfg 2002/06/06 v1.2 hyperref configuration of TeXLive
)
Package hyperref Info: Hyper figures OFF on input line 4509.
Package hyperref Info: Link nesting OFF on input line 4514.
Package hyperref Info: Hyper index ON on input line 4517.
Package hyperref Info: Plain pages OFF on input line 4524.
Package hyperref Info: Backreferencing OFF on input line 4529.
Package hyperref Info: Implicit mode ON; LaTeX internals redefined.
Package hyperref Info: Bookmarks ON on input line 4762.
\c@Hy@tempcnt=\count91

(/usr/local/texlive/2018/texmf-dist/tex/latex/url/url.sty
\Urlmuskip=\muskip10
Package: url 2013/09/16  ver 3.4  Verb mode for urls, etc.
)
LaTeX Info: Redefining \url on input line 5115.
\XeTeXLinkMargin=\dimen104
\Fld@menulength=\count92
\Field@Width=\dimen105
\Fld@charsize=\dimen106
Package hyperref Info: Hyper figures OFF on input line 6369.
Package hyperref Info: Link nesting OFF on input line 6374.
Package hyperref Info: Hyper index ON on input line 6377.
Package hyperref Info: backreferencing OFF on input line 6384.
Package hyperref Info: Link coloring OFF on input line 6389.
Package hyperref Info: Link coloring with OCG OFF on input line 6394.
Package hyperref Info: PDF/A mode OFF on input line 6399.
LaTeX Info: Redefining \ref on input line 6439.
LaTeX Info: Redefining \pageref on input line 6443.
\Hy@abspage=\count93
\c@Item=\count94
\c@Hfootnote=\count95
)
Package hyperref Info: Driver (autodetected): hpdftex.

(/usr/local/texlive/2018/texmf-dist/tex/latex/hyperref/hpdftex.def
File: hpdftex.def 2018/02/06 v6.86b Hyperref driver for pdfTeX
\Fld@listcount=\count96
\c@bookmark@seq@number=\count97

(/usr/local/texlive/2018/texmf-dist/tex/latex/oberdiek/rerunfilecheck.sty
Package: rerunfilecheck 2016/05/16 v1.8 Rerun checks for auxiliary files (HO)
Package uniquecounter Info: New unique counter `rerunfilecheck' on input line 2
82.
)
\Hy@SectionHShift=\skip43
)
(/usr/local/texlive/2018/texmf-dist/tex/latex/xcolor/xcolor.sty
Package: xcolor 2016/05/11 v2.12 LaTeX color extensions (UK)

(/usr/local/texlive/2018/texmf-dist/tex/latex/graphics-cfg/color.cfg
File: color.cfg 2016/01/02 v1.6 sample color configuration
)
Package xcolor Info: Driver file: pdftex.def on input line 225.

(/usr/local/texlive/2018/texmf-dist/tex/latex/graphics-def/pdftex.def
File: pdftex.def 2018/01/08 v1.0l Graphics/color driver for pdftex
)
Package xcolor Info: Model `cmy' substituted by `cmy0' on input line 1348.
Package xcolor Info: Model `hsb' substituted by `rgb' on input line 1352.
Package xcolor Info: Model `RGB' extended on input line 1364.
Package xcolor Info: Model `HTML' substituted by `rgb' on input line 1366.
Package xcolor Info: Model `Hsb' substituted by `hsb' on input line 1367.
Package xcolor Info: Model `tHsb' substituted by `hsb' on input line 1368.
Package xcolor Info: Model `HSB' substituted by `hsb' on input line 1369.
Package xcolor Info: Model `Gray' substituted by `gray' on input line 1370.
Package xcolor Info: Model `wave' substituted by `hsb' on input line 1371.
)
Package hyperref Info: Option `colorlinks' set `true' on input line 104.

Conference Style for ACL 2018
\titlebox=\skip44
\aclrulerbox=\box26
\aclrulercount=\count98
\aclruleroffset=\dimen107
\cv@lineheight=\dimen108
\cv@boxheight=\dimen109
\cv@tmpbox=\box27
\cv@refno=\count99
\cv@tot=\count100
\cv@tmpc@=\count101
\cv@tmpc=\count102
(/usr/local/texlive/2018/texmf-dist/tex/latex/natbib/natbib.sty
Package: natbib 2010/09/13 8.31b (PWD, AO)
\bibhang=\skip45
\bibsep=\skip46
LaTeX Info: Redefining \cite on input line 694.
\c@NAT@ctr=\count103
))
(/usr/local/texlive/2018/texmf-dist/tex/latex/psnfss/times.sty
Package: times 2005/04/12 PSNFSS-v9.2a (SPQR) 
)
(/usr/local/texlive/2018/texmf-dist/tex/latex/base/latexsym.sty
Package: latexsym 1998/08/17 v2.2e Standard LaTeX package (lasy symbols)
\symlasy=\mathgroup4
LaTeX Font Info:    Overwriting symbol font `lasy' in version `bold'
(Font)                  U/lasy/m/n --> U/lasy/b/n on input line 52.
)
(/usr/local/texlive/2018/texmf-dist/tex/latex/amsmath/amsmath.sty
Package: amsmath 2017/09/02 v2.17a AMS math features
\@mathmargin=\skip47

For additional information on amsmath, use the `?' option.
(/usr/local/texlive/2018/texmf-dist/tex/latex/amsmath/amstext.sty
Package: amstext 2000/06/29 v2.01 AMS text

(/usr/local/texlive/2018/texmf-dist/tex/latex/amsmath/amsgen.sty
File: amsgen.sty 1999/11/30 v2.0 generic functions
\@emptytoks=\toks15
\ex@=\dimen110
))
(/usr/local/texlive/2018/texmf-dist/tex/latex/amsmath/amsbsy.sty
Package: amsbsy 1999/11/29 v1.2d Bold Symbols
\pmbraise@=\dimen111
)
(/usr/local/texlive/2018/texmf-dist/tex/latex/amsmath/amsopn.sty
Package: amsopn 2016/03/08 v2.02 operator names
)
\inf@bad=\count104
LaTeX Info: Redefining \frac on input line 213.
\uproot@=\count105
\leftroot@=\count106
LaTeX Info: Redefining \overline on input line 375.
\classnum@=\count107
\DOTSCASE@=\count108
LaTeX Info: Redefining \ldots on input line 472.
LaTeX Info: Redefining \dots on input line 475.
LaTeX Info: Redefining \cdots on input line 596.
\Mathstrutbox@=\box28
\strutbox@=\box29
\big@size=\dimen112
LaTeX Font Info:    Redeclaring font encoding OML on input line 712.
LaTeX Font Info:    Redeclaring font encoding OMS on input line 713.
\macc@depth=\count109
\c@MaxMatrixCols=\count110
\dotsspace@=\muskip11
\c@parentequation=\count111
\dspbrk@lvl=\count112
\tag@help=\toks16
\row@=\count113
\column@=\count114
\maxfields@=\count115
\andhelp@=\toks17
\eqnshift@=\dimen113
\alignsep@=\dimen114
\tagshift@=\dimen115
\tagwidth@=\dimen116
\totwidth@=\dimen117
\lineht@=\dimen118
\@envbody=\toks18
\multlinegap=\skip48
\multlinetaggap=\skip49
\mathdisplay@stack=\toks19
LaTeX Info: Redefining \[ on input line 2817.
LaTeX Info: Redefining \] on input line 2818.
)
(/usr/local/texlive/2018/texmf-dist/tex/latex/amsfonts/amssymb.sty
Package: amssymb 2013/01/14 v3.01 AMS font symbols

(/usr/local/texlive/2018/texmf-dist/tex/latex/amsfonts/amsfonts.sty
Package: amsfonts 2013/01/14 v3.01 Basic AMSFonts support
\symAMSa=\mathgroup5
\symAMSb=\mathgroup6
LaTeX Font Info:    Overwriting math alphabet `\mathfrak' in version `bold'
(Font)                  U/euf/m/n --> U/euf/b/n on input line 106.
))
(/usr/local/texlive/2018/texmf-dist/tex/latex/graphics/graphicx.sty
Package: graphicx 2017/06/01 v1.1a Enhanced LaTeX Graphics (DPC,SPQR)

(/usr/local/texlive/2018/texmf-dist/tex/latex/graphics/graphics.sty
Package: graphics 2017/06/25 v1.2c Standard LaTeX Graphics (DPC,SPQR)

(/usr/local/texlive/2018/texmf-dist/tex/latex/graphics/trig.sty
Package: trig 2016/01/03 v1.10 sin cos tan (DPC)
)
(/usr/local/texlive/2018/texmf-dist/tex/latex/graphics-cfg/graphics.cfg
File: graphics.cfg 2016/06/04 v1.11 sample graphics configuration
)
Package graphics Info: Driver file: pdftex.def on input line 99.
)
\Gin@req@height=\dimen119
\Gin@req@width=\dimen120
)
(./acl2018.aux)
\openout1 = `acl2018.aux'.

LaTeX Font Info:    Checking defaults for OML/cmm/m/it on input line 47.
LaTeX Font Info:    ... okay on input line 47.
LaTeX Font Info:    Checking defaults for T1/cmr/m/n on input line 47.
LaTeX Font Info:    ... okay on input line 47.
LaTeX Font Info:    Checking defaults for OT1/cmr/m/n on input line 47.
LaTeX Font Info:    ... okay on input line 47.
LaTeX Font Info:    Checking defaults for OMS/cmsy/m/n on input line 47.
LaTeX Font Info:    ... okay on input line 47.
LaTeX Font Info:    Checking defaults for OMX/cmex/m/n on input line 47.
LaTeX Font Info:    ... okay on input line 47.
LaTeX Font Info:    Checking defaults for U/cmr/m/n on input line 47.
LaTeX Font Info:    ... okay on input line 47.
LaTeX Font Info:    Checking defaults for PD1/pdf/m/n on input line 47.
LaTeX Font Info:    ... okay on input line 47.
LaTeX Font Info:    Try loading font information for OT1+ptm on input line 47.
 (/usr/local/texlive/2018/texmf-dist/tex/latex/psnfss/ot1ptm.fd
File: ot1ptm.fd 2001/06/04 font definitions for OT1/ptm.
)
\AtBeginShipoutBox=\box30
Package hyperref Info: Link coloring ON on input line 47.
(/usr/local/texlive/2018/texmf-dist/tex/latex/hyperref/nameref.sty
Package: nameref 2016/05/21 v2.44 Cross-referencing by name of section

(/usr/local/texlive/2018/texmf-dist/tex/generic/oberdiek/gettitlestring.sty
Package: gettitlestring 2016/05/16 v1.5 Cleanup title references (HO)
)
\c@section@level=\count116
)
LaTeX Info: Redefining \ref on input line 47.
LaTeX Info: Redefining \pageref on input line 47.
LaTeX Info: Redefining \nameref on input line 47.

(./acl2018.out) (./acl2018.out)
\@outlinefile=\write3
\openout3 = `acl2018.out'.


(/usr/local/texlive/2018/texmf-dist/tex/context/base/mkii/supp-pdf.mkii
[Loading MPS to PDF converter (version 2006.09.02).]
\scratchcounter=\count117
\scratchdimen=\dimen121
\scratchbox=\box31
\nofMPsegments=\count118
\nofMParguments=\count119
\everyMPshowfont=\toks20
\MPscratchCnt=\count120
\MPscratchDim=\dimen122
\MPnumerator=\count121
\makeMPintoPDFobject=\count122
\everyMPtoPDFconversion=\toks21
) (/usr/local/texlive/2018/texmf-dist/tex/latex/oberdiek/epstopdf-base.sty
Package: epstopdf-base 2016/05/15 v2.6 Base part for package epstopdf

(/usr/local/texlive/2018/texmf-dist/tex/latex/oberdiek/grfext.sty
Package: grfext 2016/05/16 v1.2 Manage graphics extensions (HO)
)
Package epstopdf-base Info: Redefining graphics rule for `.eps' on input line 4
38.
Package grfext Info: Graphics extension search list:
(grfext)             [.pdf,.png,.jpg,.mps,.jpeg,.jbig2,.jb2,.PDF,.PNG,.JPG,.JPE
G,.JBIG2,.JB2,.eps]
(grfext)             \AppendGraphicsExtensions on input line 456.

(/usr/local/texlive/2018/texmf-dist/tex/latex/latexconfig/epstopdf-sys.cfg
File: epstopdf-sys.cfg 2010/07/13 v1.3 Configuration of (r)epstopdf for TeX Liv
e
))
ABD: EveryShipout initializing macros
LaTeX Font Info:    Font shape `OT1/ptm/bx/n' in size <14.4> not available
(Font)              Font shape `OT1/ptm/b/n' tried instead on input line 48.
LaTeX Font Info:    Font shape `OT1/ptm/bx/it' in size <14.4> not available
(Font)              Font shape `OT1/ptm/b/it' tried instead on input line 48.
LaTeX Font Info:    Try loading font information for U+lasy on input line 48.

(/usr/local/texlive/2018/texmf-dist/tex/latex/base/ulasy.fd
File: ulasy.fd 1998/08/17 v2.2e LaTeX symbol font definitions
)
LaTeX Font Info:    Try loading font information for U+msa on input line 48.

(/usr/local/texlive/2018/texmf-dist/tex/latex/amsfonts/umsa.fd
File: umsa.fd 2013/01/14 v3.01 AMS symbols A
)
LaTeX Font Info:    Try loading font information for U+msb on input line 48.

(/usr/local/texlive/2018/texmf-dist/tex/latex/amsfonts/umsb.fd
File: umsb.fd 2013/01/14 v3.01 AMS symbols B
)
LaTeX Font Info:    Font shape `OT1/ptm/bx/n' in size <12> not available
(Font)              Font shape `OT1/ptm/b/n' tried instead on input line 48.
LaTeX Font Info:    Try loading font information for OT1+pcr on input line 48.

(/usr/local/texlive/2018/texmf-dist/tex/latex/psnfss/ot1pcr.fd
File: ot1pcr.fd 2001/06/04 font definitions for OT1/pcr.
)
LaTeX Font Info:    Font shape `OT1/ptm/bx/n' in size <10.95> not available
(Font)              Font shape `OT1/ptm/b/n' tried instead on input line 59.


Package natbib Warning: Citation `mainpaper' on page 1 undefined on input line 
59.

LaTeX Font Info:    Font shape `OT1/ptm/bx/it' in size <10.95> not available
(Font)              Font shape `OT1/ptm/b/it' tried instead on input line 75.

Overfull \hbox (3.80653pt too wide) detected at line 88
[] \OMS/cmsy/m/n/10.95 ! []
 []


LaTeX Warning: `h' float specifier changed to `ht'.


LaTeX Warning: `h' float specifier changed to `ht'.

[1{/usr/local/texlive/2018/texmf-var/fonts/map/pdftex/updmap/pdftex.map}



]
Overfull \hbox (8.93642pt too wide) in paragraph at lines 136--146
 [][] 
 []


LaTeX Warning: `h' float specifier changed to `ht'.


Package natbib Warning: Citation `w2v' on page 2 undefined on input line 173.


Package natbib Warning: Citation `glove' on page 2 undefined on input line 173.



Package natbib Warning: Citation `wiki' on page 2 undefined on input line 173.


Underfull \hbox (badness 1097) in paragraph at lines 175--176
\OT1/ptm/m/n/10.95 pre-trained mod-els and two dif-fer-ent ways of
 []


Package natbib Warning: Citation `trec' on page 2 undefined on input line 179.


Package natbib Warning: Citation `wikids' on page 2 undefined on input line 179
.

[2] [3]
LaTeX Font Info:    Try loading font information for OMS+ptm on input line 240.

 (/usr/local/texlive/2018/texmf-dist/tex/latex/psnfss/omsptm.fd
File: omsptm.fd 
)
LaTeX Font Info:    Font shape `OMS/ptm/m/n' in size <10.95> not available
(Font)              Font shape `OMS/cmsy/m/n' tried instead on input line 240.


Package natbib Warning: Citation `w2v' on page 4 undefined on input line 240.


Package natbib Warning: Citation `git' on page 4 undefined on input line 241.


Underfull \hbox (badness 2828) in paragraph at lines 241--242
[]$\OML/cmm/m/it/10.95 GoogleRed$\OT1/ptm/m/n/10.95 : A re-duced ver-sion of th
e
 []


Package natbib Warning: Citation `glove' on page 4 undefined on input line 242.



Package natbib Warning: Citation `wiki' on page 4 undefined on input line 243.


Underfull \hbox (badness 5519) in paragraph at lines 243--244
[]$\OML/cmm/m/it/10.95 Wiki$\OT1/ptm/m/n/10.95 : word2vec model de-vel-oped by
 []


Package natbib Warning: Citation `embedding' on page 4 undefined on input line 
244.


Package natbib Warning: Citation `gensim' on page 4 undefined on input line 245
.


Underfull \hbox (badness 1968) in paragraph at lines 255--256
[]$\OML/cmm/m/it/10.95 LearnGensim$\OT1/ptm/m/n/10.95 : needs about $\OT1/cmr/m
/n/10.95 93\OML/cmm/m/it/10.95 s$ \OT1/ptm/m/n/10.95 to be
 []

Package epstopdf Info: Source file: <pictures/time.eps>
(epstopdf)                    date: 2019-03-14 14:16:22
(epstopdf)                    size: 64352 bytes
(epstopdf)             Output file: <pictures/time-eps-converted-to.pdf>
(epstopdf)                    date: 2019-03-14 15:26:37
(epstopdf)                    size: 68024 bytes
(epstopdf)             Command: <repstopdf --outfile=pictures/time-eps-converte
d-to.pdf pictures/time.eps>
(epstopdf)             \includegraphics on input line 262.
Package epstopdf Info: Output file is already uptodate.
<pictures/time-eps-converted-to.pdf, id=51, 789.95125pt x 598.235pt>
File: pictures/time-eps-converted-to.pdf Graphic file (type pdf)
<use pictures/time-eps-converted-to.pdf>
Package pdftex.def Info: pictures/time-eps-converted-to.pdf  used on input line
 262.
(pdftex.def)             Requested size: 227.62204pt x 172.37918pt.

Overfull \hbox (8.53592pt too wide) in paragraph at lines 262--263
 [][] 
 []


Package natbib Warning: Citation `git' on page 4 undefined on input line 267.

Package epstopdf Info: Source file: <pictures/google.eps>
(epstopdf)                    date: 2019-03-14 14:16:22
(epstopdf)                    size: 30290 bytes
(epstopdf)             Output file: <pictures/google-eps-converted-to.pdf>
(epstopdf)                    date: 2019-03-14 15:26:38
(epstopdf)                    size: 11286 bytes
(epstopdf)             Command: <repstopdf --outfile=pictures/google-eps-conver
ted-to.pdf pictures/google.eps>
(epstopdf)             \includegraphics on input line 271.
Package epstopdf Info: Output file is already uptodate.
<pictures/google-eps-converted-to.pdf, id=58, 398.48875pt x 290.08376pt>
File: pictures/google-eps-converted-to.pdf Graphic file (type pdf)
<use pictures/google-eps-converted-to.pdf>
Package pdftex.def Info: pictures/google-eps-converted-to.pdf  used on input li
ne 271.
(pdftex.def)             Requested size: 227.62204pt x 165.69913pt.

Overfull \hbox (8.53592pt too wide) in paragraph at lines 271--272
 [][] 
 []

Package epstopdf Info: Source file: <pictures/googlered.eps>
(epstopdf)                    date: 2019-03-14 14:16:22
(epstopdf)                    size: 29380 bytes
(epstopdf)             Output file: <pictures/googlered-eps-converted-to.pdf>
(epstopdf)                    date: 2019-03-14 15:26:38
(epstopdf)                    size: 10992 bytes
(epstopdf)             Command: <repstopdf --outfile=pictures/googlered-eps-con
verted-to.pdf pictures/googlered.eps>
(epstopdf)             \includegraphics on input line 277.
Package epstopdf Info: Output file is already uptodate.
<pictures/googlered-eps-converted-to.pdf, id=59, 398.48875pt x 290.08376pt>
File: pictures/googlered-eps-converted-to.pdf Graphic file (type pdf)
<use pictures/googlered-eps-converted-to.pdf>
Package pdftex.def Info: pictures/googlered-eps-converted-to.pdf  used on input
 line 277.
(pdftex.def)             Requested size: 227.62204pt x 165.69913pt.

Overfull \hbox (8.53592pt too wide) in paragraph at lines 277--278
 [][] 
 []

Package epstopdf Info: Source file: <pictures/glove.eps>
(epstopdf)                    date: 2019-03-14 14:16:22
(epstopdf)                    size: 28713 bytes
(epstopdf)             Output file: <pictures/glove-eps-converted-to.pdf>
(epstopdf)                    date: 2019-03-14 15:26:38
(epstopdf)                    size: 10751 bytes
(epstopdf)             Command: <repstopdf --outfile=pictures/glove-eps-convert
ed-to.pdf pictures/glove.eps>
(epstopdf)             \includegraphics on input line 283.
Package epstopdf Info: Output file is already uptodate.
<pictures/glove-eps-converted-to.pdf, id=60, 397.485pt x 290.08376pt>
File: pictures/glove-eps-converted-to.pdf Graphic file (type pdf)
<use pictures/glove-eps-converted-to.pdf>
Package pdftex.def Info: pictures/glove-eps-converted-to.pdf  used on input lin
e 283.
(pdftex.def)             Requested size: 227.62204pt x 166.12405pt.

Overfull \hbox (8.53592pt too wide) in paragraph at lines 283--284
 [][] 
 []


Underfull \hbox (badness 1028) in paragraph at lines 284--284
[]\OT1/ptm/m/n/10.95 Figure 4: []Performances of $\OML/cmm/m/it/10.95 Glove$ \O
T1/ptm/m/n/10.95 em-bed-ding
 []

Package epstopdf Info: Source file: <pictures/wiki.eps>
(epstopdf)                    date: 2019-03-14 14:16:22
(epstopdf)                    size: 27538 bytes
(epstopdf)             Output file: <pictures/wiki-eps-converted-to.pdf>
(epstopdf)                    date: 2019-03-14 15:26:39
(epstopdf)                    size: 10348 bytes
(epstopdf)             Command: <repstopdf --outfile=pictures/wiki-eps-converte
d-to.pdf pictures/wiki.eps>
(epstopdf)             \includegraphics on input line 289.
Package epstopdf Info: Output file is already uptodate.
<pictures/wiki-eps-converted-to.pdf, id=61, 398.48875pt x 290.08376pt>
File: pictures/wiki-eps-converted-to.pdf Graphic file (type pdf)
<use pictures/wiki-eps-converted-to.pdf>
Package pdftex.def Info: pictures/wiki-eps-converted-to.pdf  used on input line
 289.
(pdftex.def)             Requested size: 227.62204pt x 165.69913pt.

Overfull \hbox (8.53592pt too wide) in paragraph at lines 289--290
 [][] 
 []


Underfull \hbox (badness 1478) in paragraph at lines 290--290
[]\OT1/ptm/m/n/10.95 Figure 5: []Performances of $\OML/cmm/m/it/10.95 Wiki$ \OT
1/ptm/m/n/10.95 em-bed-ding
 []

Package epstopdf Info: Source file: <pictures/learnpytorch.eps>
(epstopdf)                    date: 2019-03-14 14:16:22
(epstopdf)                    size: 29524 bytes
(epstopdf)             Output file: <pictures/learnpytorch-eps-converted-to.pdf
>
(epstopdf)                    date: 2019-03-14 15:26:39
(epstopdf)                    size: 11044 bytes
(epstopdf)             Command: <repstopdf --outfile=pictures/learnpytorch-eps-
converted-to.pdf pictures/learnpytorch.eps>
(epstopdf)             \includegraphics on input line 295.
Package epstopdf Info: Output file is already uptodate.
<pictures/learnpytorch-eps-converted-to.pdf, id=62, 398.48875pt x 290.08376pt>
File: pictures/learnpytorch-eps-converted-to.pdf Graphic file (type pdf)
<use pictures/learnpytorch-eps-converted-to.pdf>
Package pdftex.def Info: pictures/learnpytorch-eps-converted-to.pdf  used on in
put line 295.
(pdftex.def)             Requested size: 227.62204pt x 165.69913pt.

Overfull \hbox (8.53592pt too wide) in paragraph at lines 295--296
 [][] 
 []

Package epstopdf Info: Source file: <pictures/learngensim.eps>
(epstopdf)                    date: 2019-03-14 14:16:22
(epstopdf)                    size: 29252 bytes
(epstopdf)             Output file: <pictures/learngensim-eps-converted-to.pdf>

(epstopdf)                    date: 2019-03-14 15:26:40
(epstopdf)                    size: 10985 bytes
(epstopdf)             Command: <repstopdf --outfile=pictures/learngensim-eps-c
onverted-to.pdf pictures/learngensim.eps>
(epstopdf)             \includegraphics on input line 301.
Package epstopdf Info: Output file is already uptodate.
<pictures/learngensim-eps-converted-to.pdf, id=63, 398.48875pt x 290.08376pt>
File: pictures/learngensim-eps-converted-to.pdf Graphic file (type pdf)
<use pictures/learngensim-eps-converted-to.pdf>
Package pdftex.def Info: pictures/learngensim-eps-converted-to.pdf  used on inp
ut line 301.
(pdftex.def)             Requested size: 227.62204pt x 165.69913pt.

Overfull \hbox (8.53592pt too wide) in paragraph at lines 301--302
 [][] 
 []

[4 <./pictures/time-eps-converted-to.pdf>] [5 <./pictures/google-eps-converted-
to.pdf> <./pictures/googlered-eps-converted-to.pdf> <./pictures/glove-eps-conve
rted-to.pdf> <./pictures/wiki-eps-converted-to.pdf> <./pictures/learnpytorch-ep
s-converted-to.pdf> <./pictures/learngensim-eps-converted-to.pdf>]
No file acl2018.bbl.

Package natbib Warning: There were undefined citations.

Package atveryend Info: Empty hook `BeforeClearDocument' on input line 311.
Package atveryend Info: Empty hook `AfterLastShipout' on input line 311.
(./acl2018.aux)
Package atveryend Info: Executing hook `AtVeryEndDocument' on input line 311.
Package atveryend Info: Executing hook `AtEndAfterFileList' on input line 311.
Package rerunfilecheck Info: File `acl2018.out' has not changed.
(rerunfilecheck)             Checksum: D41D8CD98F00B204E9800998ECF8427E;0.
Package atveryend Info: Empty hook `AtVeryVeryEnd' on input line 311.
 )
(\end occurred when \iffalse on line 349 was incomplete) 
Here is how much of TeX's memory you used:
 6914 strings out of 492649
 98387 string characters out of 6129621
 201394 words of memory out of 5000000
 10671 multiletter control sequences out of 15000+600000
 24820 words of font info for 62 fonts, out of 8000000 for 9000
 1141 hyphenation exceptions out of 8191
 35i,11n,37p,888b,327s stack positions out of 5000i,500n,10000p,200000b,80000s
{/usr/local/texlive/201
8/texmf-dist/fonts/enc/dvips/base/8r.enc}</usr/local/texlive/2018/texmf-dist/fo
nts/type1/public/amsfonts/cm/cmex10.pfb></usr/local/texlive/2018/texmf-dist/fon
ts/type1/public/amsfonts/cm/cmmi10.pfb></usr/local/texlive/2018/texmf-dist/font
s/type1/public/amsfonts/cm/cmmi8.pfb></usr/local/texlive/2018/texmf-dist/fonts/
type1/public/amsfonts/cm/cmr10.pfb></usr/local/texlive/2018/texmf-dist/fonts/ty
pe1/public/amsfonts/cm/cmr8.pfb></usr/local/texlive/2018/texmf-dist/fonts/type1
/public/amsfonts/cm/cmsy10.pfb></usr/local/texlive/2018/texmf-dist/fonts/type1/
public/amsfonts/cm/cmsy8.pfb></usr/local/texlive/2018/texmf-dist/fonts/type1/pu
blic/amsfonts/symbols/msbm10.pfb></usr/local/texlive/2018/texmf-dist/fonts/type
1/urw/courier/ucrr8a.pfb></usr/local/texlive/2018/texmf-dist/fonts/type1/urw/ti
mes/utmb8a.pfb></usr/local/texlive/2018/texmf-dist/fonts/type1/urw/times/utmbi8
a.pfb></usr/local/texlive/2018/texmf-dist/fonts/type1/urw/times/utmr8a.pfb></us
r/local/texlive/2018/texmf-dist/fonts/type1/urw/times/utmri8a.pfb>
Output written on acl2018.pdf (5 pages, 252570 bytes).
PDF statistics:
 170 PDF objects out of 1000 (max. 8388607)
 128 compressed objects within 2 object streams
 29 named destinations out of 1000 (max. 500000)
 36 words of extra memory for PDF output out of 10000 (max. 10000000)

